<?xml version="1.0" encoding="UTF-8"?>
<!-- Generated by org.testng.reporters.JUnitReportReporter -->
<testsuite skipped="0" hostname="WKWIN9326287" name="com.crm.qa.testcases.LoginPageTest" tests="2" failures="0" timestamp="23 Jul 2019 11:47:33 GMT" time="24.807" errors="0">
  <testcase name="loginPageTitleTest" time="10.292" classname="com.crm.qa.testcases.LoginPageTest"/>
  <testcase name="login" time="14.515" classname="com.crm.qa.testcases.LoginPageTest"/>
</testsuite> <!-- com.crm.qa.testcases.LoginPageTest -->
