<?xml version="1.0" encoding="UTF-8"?>
<!-- Generated by org.testng.reporters.JUnitReportReporter -->
<testsuite skipped="0" hostname="WKWIN9326287" name="com.crm.qa.testcases.HomePageTest" tests="3" failures="0" timestamp="24 Jul 2019 09:34:54 GMT" time="34.668" errors="0">
  <testcase name="verifyHomePageTitleTest" time="10.242" classname="com.crm.qa.testcases.HomePageTest"/>
  <testcase name="verifytUserName" time="11.884" classname="com.crm.qa.testcases.HomePageTest"/>
  <testcase name="verifyContactsLinkTest" time="12.542" classname="com.crm.qa.testcases.HomePageTest"/>
</testsuite> <!-- com.crm.qa.testcases.HomePageTest -->
