<?xml version="1.0" encoding="UTF-8"?>
<!-- Generated by org.testng.reporters.JUnitReportReporter -->
<testsuite skipped="0" hostname="WKWIN9326287" name="com.crm.qa.testcases.LoginPageTest" tests="2" failures="0" timestamp="24 Jul 2019 09:34:54 GMT" time="22.956" errors="0">
  <testcase name="loginPageTitleTest" time="10.493" classname="com.crm.qa.testcases.LoginPageTest"/>
  <testcase name="login" time="12.463" classname="com.crm.qa.testcases.LoginPageTest"/>
</testsuite> <!-- com.crm.qa.testcases.LoginPageTest -->
