<?xml version="1.0" encoding="UTF-8"?>
<!-- Generated by org.testng.reporters.JUnitReportReporter -->
<testsuite skipped="0" hostname="WKWIN9326287" name="com.crm.qa.testcases.HomePageTest" tests="3" failures="0" timestamp="23 Jul 2019 11:47:33 GMT" time="37.941" errors="0">
  <testcase name="verifyHomePageTitleTest" time="11.916" classname="com.crm.qa.testcases.HomePageTest"/>
  <testcase name="verifytUserName" time="12.617" classname="com.crm.qa.testcases.HomePageTest"/>
  <testcase name="verifyContactsLinkTest" time="13.408" classname="com.crm.qa.testcases.HomePageTest"/>
</testsuite> <!-- com.crm.qa.testcases.HomePageTest -->
