<?xml version="1.0" encoding="UTF-8"?>
<!-- Generated by org.testng.reporters.JUnitReportReporter -->
<testsuite skipped="0" hostname="WKWIN9326287" name="com.crm.qa.testcases.ContactsPageTest" tests="3" failures="0" timestamp="24 Jul 2019 12:21:25 GMT" time="48.852" errors="0">
  <testcase name="clickUserCheckBox" time="17.460" classname="com.crm.qa.testcases.ContactsPageTest"/>
  <testcase name="validateCreateNewContactFromStringArrayOfData" time="17.384" classname="com.crm.qa.testcases.ContactsPageTest"/>
  <testcase name="validateCreateNewContactFromStringArrayOfData" time="14.008" classname="com.crm.qa.testcases.ContactsPageTest"/>
</testsuite> <!-- com.crm.qa.testcases.ContactsPageTest -->
