<?xml version="1.0" encoding="UTF-8"?>
<!-- Generated by org.testng.reporters.JUnitReportReporter -->
<testsuite skipped="0" hostname="WKWIN9326287" name="com.crm.qa.testcases.LoginPageTest" tests="2" failures="0" timestamp="24 Jul 2019 12:21:25 GMT" time="18.828" errors="0">
  <testcase name="loginPageTitleTest" time="9.026" classname="com.crm.qa.testcases.LoginPageTest"/>
  <testcase name="login" time="9.802" classname="com.crm.qa.testcases.LoginPageTest"/>
</testsuite> <!-- com.crm.qa.testcases.LoginPageTest -->
