<?xml version="1.0" encoding="UTF-8"?>
<!-- Generated by org.testng.reporters.JUnitReportReporter -->
<testsuite skipped="0" hostname="WKWIN9326287" name="com.crm.qa.testcases.HomePageTest" tests="3" failures="0" timestamp="24 Jul 2019 12:21:25 GMT" time="32.807" errors="0">
  <testcase name="verifyHomePageTitleTest" time="9.667" classname="com.crm.qa.testcases.HomePageTest"/>
  <testcase name="verifytUserName" time="11.694" classname="com.crm.qa.testcases.HomePageTest"/>
  <testcase name="verifyContactsLinkTest" time="11.446" classname="com.crm.qa.testcases.HomePageTest"/>
</testsuite> <!-- com.crm.qa.testcases.HomePageTest -->
